[2024-05-07T09:36:17.140] [TRACE] attendance - customer-attendance-updateAttendance - undefined - error in updating attendance
[2024-05-07T09:36:17.140] [ERROR] attendance - Error: Unknown column 'attendanceId' in 'where clause'
    at Packet.asError (/workspaces/MAYUR-SERVER/Server/node_modules/mysql2/lib/packets/packet.js:728:17)
    at Query.execute (/workspaces/MAYUR-SERVER/Server/node_modules/mysql2/lib/commands/command.js:29:26)
    at PoolConnection.handlePacket (/workspaces/MAYUR-SERVER/Server/node_modules/mysql2/lib/connection.js:456:32)
    at PacketParser.onPacket (/workspaces/MAYUR-SERVER/Server/node_modules/mysql2/lib/connection.js:85:12)
    at PacketParser.executeStart (/workspaces/MAYUR-SERVER/Server/node_modules/mysql2/lib/packet_parser.js:75:16)
    at Socket.<anonymous> (/workspaces/MAYUR-SERVER/Server/node_modules/mysql2/lib/connection.js:92:25)
    at Socket.emit (node:events:518:28)
    at Socket.emit (node:domain:488:12)
    at addChunk (node:internal/streams/readable:559:12)
    at readableAddChunkPushByteMode (node:internal/streams/readable:510:3) {
  code: 'ER_BAD_FIELD_ERROR',
  errno: 1054,
  sqlState: '42S22',
  sqlMessage: "Unknown column 'attendanceId' in 'where clause'",
  sql: "UPDATE `attendance` SET `isPresent` = '0', `inTime` = '2024-04-18 14:49:40', `outTime` = '2024-04-18 14:49:45', `session` = '5' WHERE `attendanceId` = '1';"
}
[2024-05-07T09:36:17.142] [TRACE] attendance - customer-attendance-updateAttendance - 1 - error thrown
[2024-05-07T09:36:17.142] [ERROR] attendance - {
  status: 'failed',
  err: Error: Unknown column 'attendanceId' in 'where clause'
      at Packet.asError (/workspaces/MAYUR-SERVER/Server/node_modules/mysql2/lib/packets/packet.js:728:17)
      at Query.execute (/workspaces/MAYUR-SERVER/Server/node_modules/mysql2/lib/commands/command.js:29:26)
      at PoolConnection.handlePacket (/workspaces/MAYUR-SERVER/Server/node_modules/mysql2/lib/connection.js:456:32)
      at PacketParser.onPacket (/workspaces/MAYUR-SERVER/Server/node_modules/mysql2/lib/connection.js:85:12)
      at PacketParser.executeStart (/workspaces/MAYUR-SERVER/Server/node_modules/mysql2/lib/packet_parser.js:75:16)
      at Socket.<anonymous> (/workspaces/MAYUR-SERVER/Server/node_modules/mysql2/lib/connection.js:92:25)
      at Socket.emit (node:events:518:28)
      at Socket.emit (node:domain:488:12)
      at addChunk (node:internal/streams/readable:559:12)
      at readableAddChunkPushByteMode (node:internal/streams/readable:510:3) {
    code: 'ER_BAD_FIELD_ERROR',
    errno: 1054,
    sqlState: '42S22',
    sqlMessage: "Unknown column 'attendanceId' in 'where clause'",
    sql: "UPDATE `attendance` SET `isPresent` = '0', `inTime` = '2024-04-18 14:49:40', `outTime` = '2024-04-18 14:49:45', `session` = '5' WHERE `attendanceId` = '1';"
  },
  data: { bResult: false }
}
