[2024-04-12T06:06:46.379] [TRACE] payments - payment-fetchbilldetails - error in select query
[2024-04-12T06:06:46.379] [ERROR] payments - Error: Table 'u383951428_Mayur_Motors.Bills' doesn't exist
    at Packet.asError (/workspaces/MAYUR-SERVER/Server/node_modules/mysql2/lib/packets/packet.js:728:17)
    at Query.execute (/workspaces/MAYUR-SERVER/Server/node_modules/mysql2/lib/commands/command.js:29:26)
    at PoolConnection.handlePacket (/workspaces/MAYUR-SERVER/Server/node_modules/mysql2/lib/connection.js:456:32)
    at PacketParser.onPacket (/workspaces/MAYUR-SERVER/Server/node_modules/mysql2/lib/connection.js:85:12)
    at PacketParser.executeStart (/workspaces/MAYUR-SERVER/Server/node_modules/mysql2/lib/packet_parser.js:75:16)
    at Socket.<anonymous> (/workspaces/MAYUR-SERVER/Server/node_modules/mysql2/lib/connection.js:92:25)
    at Socket.emit (node:events:518:28)
    at addChunk (node:internal/streams/readable:559:12)
    at readableAddChunkPushByteMode (node:internal/streams/readable:510:3)
    at Readable.push (node:internal/streams/readable:390:5) {
  code: 'ER_NO_SUCH_TABLE',
  errno: 1146,
  sqlState: '42S02',
  sqlMessage: "Table 'u383951428_Mayur_Motors.Bills' doesn't exist",
  sql: "SELECT up.ID AS userprofileId, up.DisplayName, up.RegisteredName, up.isActive, up.isCompleted, up.PhoneNumber, up.Address, up.Notes, e.ID AS enrollmentId, e.Type, e.SubType AS subtype, b.ID AS billId, b.Date, b.Amount FROM Bills b JOIN User_profile up ON b.User_profile_ID = up.ID JOIN Enrollments e ON b.Enrollment_ID = e.ID WHERE b.ID = '1';"
}
[2024-04-12T06:07:06.035] [TRACE] payments - payment-fetchbilldetails - error in select query
[2024-04-12T06:07:06.036] [ERROR] payments - Error: Table 'u383951428_Mayur_Motors.Bills' doesn't exist
    at Packet.asError (/workspaces/MAYUR-SERVER/Server/node_modules/mysql2/lib/packets/packet.js:728:17)
    at Query.execute (/workspaces/MAYUR-SERVER/Server/node_modules/mysql2/lib/commands/command.js:29:26)
    at PoolConnection.handlePacket (/workspaces/MAYUR-SERVER/Server/node_modules/mysql2/lib/connection.js:456:32)
    at PacketParser.onPacket (/workspaces/MAYUR-SERVER/Server/node_modules/mysql2/lib/connection.js:85:12)
    at PacketParser.executeStart (/workspaces/MAYUR-SERVER/Server/node_modules/mysql2/lib/packet_parser.js:75:16)
    at Socket.<anonymous> (/workspaces/MAYUR-SERVER/Server/node_modules/mysql2/lib/connection.js:92:25)
    at Socket.emit (node:events:518:28)
    at addChunk (node:internal/streams/readable:559:12)
    at readableAddChunkPushByteMode (node:internal/streams/readable:510:3)
    at Readable.push (node:internal/streams/readable:390:5) {
  code: 'ER_NO_SUCH_TABLE',
  errno: 1146,
  sqlState: '42S02',
  sqlMessage: "Table 'u383951428_Mayur_Motors.Bills' doesn't exist",
  sql: "SELECT up.ID AS userprofileId, up.DisplayName, up.RegisteredName, up.isActive, up.isCompleted, up.PhoneNumber, up.Address, up.Notes, e.ID AS enrollmentId, e.Type, e.SubType AS subtype, b.ID AS billId, b.Date, b.Amount FROM Bills b JOIN User_profile up ON b.User_profile_ID = up.ID JOIN Enrollments e ON b.Enrollment_ID = e.ID WHERE b.ID = '1';"
}
